<?xml version="1.0" encoding="UTF-8"?>
<testsuite name="com.kenzie.appserver.service.InspoServiceTest" tests="1" skipped="0" failures="0" errors="0" timestamp="2023-01-10T03:56:26" hostname="Mikes-MBP.lan" time="0.056">
  <properties/>
  <testcase name="getInspirationalQuote()" classname="com.kenzie.appserver.service.InspoServiceTest" time="0.056"/>
  <system-out><![CDATA[Quote{author='Anne Bradstreet', body='If we had no winter, the spring would not be so pleasant; if we did not sometimes taste of adversity, prosperity would not be so welcome.'}
]]></system-out>
  <system-err><![CDATA[]]></system-err>
</testsuite>
