<?xml version="1.0" encoding="UTF-8"?>
<testsuite name="com.kenzie.appserver.controller.JournalControllerTest" tests="12" skipped="0" failures="0" errors="0" timestamp="2023-01-10T03:57:23" hostname="Mikes-MBP.lan" time="0.286">
  <properties/>
  <testcase name="createJournal_badJournal_returnsBadRequest()" classname="com.kenzie.appserver.controller.JournalControllerTest" time="0.011"/>
  <testcase name="createJournalEntry_missingFields_badRequest()" classname="com.kenzie.appserver.controller.JournalControllerTest" time="0.01"/>
  <testcase name="deleteJournal_journalExists_journalIsDeleted()" classname="com.kenzie.appserver.controller.JournalControllerTest" time="0.07"/>
  <testcase name="getJournalById_journalExists_getsJournal()" classname="com.kenzie.appserver.controller.JournalControllerTest" time="0.017"/>
  <testcase name="getAllJournalsForUser_withNoJournals_noJournalsReturned()" classname="com.kenzie.appserver.controller.JournalControllerTest" time="0.012"/>
  <testcase name="getAllEntryForJournal_entriesExist_returnsOnlyEntriesForJournal()" classname="com.kenzie.appserver.controller.JournalControllerTest" time="0.043"/>
  <testcase name="getJournalById_journalDoesNotExist_notFound()" classname="com.kenzie.appserver.controller.JournalControllerTest" time="0.011"/>
  <testcase name="createJournalEntry_goodEntry_createsEntry()" classname="com.kenzie.appserver.controller.JournalControllerTest" time="0.013"/>
  <testcase name="getAllEntryForJournal_badJournal_noEntries()" classname="com.kenzie.appserver.controller.JournalControllerTest" time="0.029"/>
  <testcase name="deleteJournal_journalDoesntExist_badRequest()" classname="com.kenzie.appserver.controller.JournalControllerTest" time="0.01"/>
  <testcase name="createJournal_goodJournal_CreatesJournal()" classname="com.kenzie.appserver.controller.JournalControllerTest" time="0.012"/>
  <testcase name="getAllJournalsForUser_withTwoJournals_getsTwoJournals()" classname="com.kenzie.appserver.controller.JournalControllerTest" time="0.037"/>
  <system-out><![CDATA[2023-01-09 22:57:23  INFO  AbstractContextLoader - Could not detect default resource locations for test class [com.kenzie.appserver.controller.JournalControllerTest]: no resource found for suffixes {-context.xml, Context.groovy}.
2023-01-09 22:57:23  INFO  AnnotationConfigContextLoaderUtils - Could not detect default configuration classes for test class [com.kenzie.appserver.controller.JournalControllerTest]: JournalControllerTest does not declare any static, non-private, non-final, nested classes annotated with @Configuration.
2023-01-09 22:57:23  INFO  SpringBootTestContextBootstrapper - Found @SpringBootConfiguration com.kenzie.appserver.Application for test class com.kenzie.appserver.controller.JournalControllerTest
2023-01-09 22:57:23  INFO  SpringBootTestContextBootstrapper - Loaded default TestExecutionListener class names from location [META-INF/spring.factories]: [org.springframework.boot.test.autoconfigure.restdocs.RestDocsTestExecutionListener, org.springframework.boot.test.autoconfigure.web.client.MockRestServiceServerResetTestExecutionListener, org.springframework.boot.test.autoconfigure.web.servlet.MockMvcPrintOnlyOnFailureTestExecutionListener, org.springframework.boot.test.autoconfigure.web.servlet.WebDriverTestExecutionListener, org.springframework.boot.test.autoconfigure.webservices.client.MockWebServiceServerTestExecutionListener, org.springframework.boot.test.mock.mockito.MockitoTestExecutionListener, org.springframework.boot.test.mock.mockito.ResetMocksTestExecutionListener, org.springframework.test.context.web.ServletTestExecutionListener, org.springframework.test.context.support.DirtiesContextBeforeModesTestExecutionListener, org.springframework.test.context.event.ApplicationEventsTestExecutionListener, org.springframework.test.context.support.DependencyInjectionTestExecutionListener, org.springframework.test.context.support.DirtiesContextTestExecutionListener, org.springframework.test.context.transaction.TransactionalTestExecutionListener, org.springframework.test.context.jdbc.SqlScriptsTestExecutionListener, org.springframework.test.context.event.EventPublishingTestExecutionListener]
2023-01-09 22:57:23  INFO  SpringBootTestContextBootstrapper - Using TestExecutionListeners: [org.springframework.test.context.web.ServletTestExecutionListener@74598ada, org.springframework.test.context.support.DirtiesContextBeforeModesTestExecutionListener@65f013cc, org.springframework.test.context.event.ApplicationEventsTestExecutionListener@134ffac9, org.springframework.boot.test.mock.mockito.MockitoTestExecutionListener@1db218e0, org.springframework.boot.test.autoconfigure.SpringBootDependencyInjectionTestExecutionListener@25054ed6, org.springframework.test.context.support.DirtiesContextTestExecutionListener@408e47c9, org.springframework.test.context.transaction.TransactionalTestExecutionListener@2cfb64a3, org.springframework.test.context.jdbc.SqlScriptsTestExecutionListener@21031cc4, org.springframework.test.context.event.EventPublishingTestExecutionListener@2eff95cc, org.springframework.boot.test.autoconfigure.restdocs.RestDocsTestExecutionListener@1c7d3fd5, org.springframework.boot.test.autoconfigure.web.client.MockRestServiceServerResetTestExecutionListener@6bd48e85, org.springframework.boot.test.autoconfigure.web.servlet.MockMvcPrintOnlyOnFailureTestExecutionListener@52084a07, org.springframework.boot.test.autoconfigure.web.servlet.WebDriverTestExecutionListener@bf47f, org.springframework.boot.test.autoconfigure.webservices.client.MockWebServiceServerTestExecutionListener@75fdf03c, org.springframework.boot.test.mock.mockito.ResetMocksTestExecutionListener@3a12e8a0]
Hit journalController CreateJournal
Hit journalController CreateJournal
Hit journalController CreateJournal
Hit journalController CreateJournal
]]></system-out>
  <system-err><![CDATA[]]></system-err>
</testsuite>
